TN:
SF:/Users/jamesmuller/Training/monday-frontend/setupTests.js
FNF:0
FNH:0
DA:4,7
LF:1
LH:1
BRF:0
BRH:0
end_of_record
TN:
SF:/Users/jamesmuller/Training/monday-frontend/src/constants.js
FNF:0
FNH:0
DA:1,2
DA:3,2
LF:2
LH:2
BRF:0
BRH:0
end_of_record
TN:
SF:/Users/jamesmuller/Training/monday-frontend/src/app/components/index.js
FNF:0
FNH:0
LF:0
LH:0
BRF:0
BRH:0
end_of_record
TN:
SF:/Users/jamesmuller/Training/monday-frontend/src/app/components/app/app.js
FN:14,(anonymous_0)
FN:17,(anonymous_1)
FN:18,(anonymous_2)
FN:20,(anonymous_3)
FN:23,(anonymous_4)
FN:24,(anonymous_5)
FN:27,(anonymous_6)
FN:28,(anonymous_7)
FN:30,(anonymous_8)
FN:34,(anonymous_9)
FNF:10
FNH:0
FNDA:0,(anonymous_0)
FNDA:0,(anonymous_1)
FNDA:0,(anonymous_2)
FNDA:0,(anonymous_3)
FNDA:0,(anonymous_4)
FNDA:0,(anonymous_5)
FNDA:0,(anonymous_6)
FNDA:0,(anonymous_7)
FNDA:0,(anonymous_8)
FNDA:0,(anonymous_9)
DA:10,2
DA:11,2
DA:15,0
DA:16,0
DA:17,0
DA:18,0
DA:21,0
DA:22,0
DA:23,0
DA:24,0
DA:28,0
DA:29,0
DA:31,0
DA:35,0
DA:36,0
DA:37,0
DA:38,0
DA:41,0
LF:18
LH:2
BRF:0
BRH:0
end_of_record
TN:
SF:/Users/jamesmuller/Training/monday-frontend/src/app/components/app/index.js
FNF:0
FNH:0
LF:0
LH:0
BRF:0
BRH:0
end_of_record
TN:
SF:/Users/jamesmuller/Training/monday-frontend/src/app/containers/app/app.js
FN:4,(anonymous_0)
FN:10,(anonymous_1)
FNF:2
FNH:0
FNDA:0,(anonymous_0)
FNDA:0,(anonymous_1)
DA:4,1
DA:5,0
DA:10,1
DA:11,0
LF:4
LH:2
BRF:0
BRH:0
end_of_record
TN:
SF:/Users/jamesmuller/Training/monday-frontend/src/auth/actions.js
FN:6,(anonymous_0)
FN:13,(anonymous_1)
FN:20,(anonymous_2)
FNF:3
FNH:0
FNDA:0,(anonymous_0)
FNDA:0,(anonymous_1)
FNDA:0,(anonymous_2)
DA:2,1
DA:3,1
DA:4,1
DA:6,1
DA:7,0
DA:13,1
DA:14,0
DA:20,1
DA:21,0
LF:9
LH:6
BRF:0
BRH:0
end_of_record
TN:
SF:/Users/jamesmuller/Training/monday-frontend/src/auth/components/index.js
FNF:0
FNH:0
LF:0
LH:0
BRF:0
BRH:0
end_of_record
TN:
SF:/Users/jamesmuller/Training/monday-frontend/src/auth/components/authForm/authForm.js
FN:5,(anonymous_0)
FN:24,(anonymous_1)
FN:29,(anonymous_2)
FN:34,(anonymous_3)
FN:45,(anonymous_4)
FNF:5
FNH:2
FNDA:1,(anonymous_0)
FNDA:0,(anonymous_1)
FNDA:0,(anonymous_2)
FNDA:0,(anonymous_3)
FNDA:1,(anonymous_4)
DA:6,1
DA:8,1
DA:16,1
DA:17,1
DA:19,1
DA:21,1
DA:25,0
DA:26,0
DA:30,0
DA:31,0
DA:35,0
DA:37,0
DA:39,0
DA:40,0
DA:41,0
DA:46,1
DA:47,1
DA:49,1
LF:18
LH:9
BRDA:39,0,0,0
BRDA:39,0,1,0
BRDA:59,1,0,0
BRDA:59,1,1,1
BRF:4
BRH:1
end_of_record
TN:
SF:/Users/jamesmuller/Training/monday-frontend/src/auth/components/authForm/index.js
FNF:0
FNH:0
LF:0
LH:0
BRF:0
BRH:0
end_of_record
TN:
SF:/Users/jamesmuller/Training/monday-frontend/src/auth/components/signUp/index.js
FNF:0
FNH:0
LF:0
LH:0
BRF:0
BRH:0
end_of_record
TN:
SF:/Users/jamesmuller/Training/monday-frontend/src/auth/components/signUp/signUp.js
FN:5,(anonymous_0)
FN:13,(anonymous_1)
FNF:2
FNH:1
FNDA:1,(anonymous_0)
FNDA:0,(anonymous_1)
DA:5,2
DA:6,1
DA:13,0
LF:3
LH:2
BRDA:20,0,0,1
BRDA:20,0,1,0
BRF:2
BRH:1
end_of_record
TN:
SF:/Users/jamesmuller/Training/monday-frontend/src/auth/containers/signUp/signUp.js
FN:5,(anonymous_0)
FN:9,(anonymous_1)
FN:13,(anonymous_2)
FN:15,(anonymous_3)
FNF:4
FNH:1
FNDA:1,(anonymous_0)
FNDA:0,(anonymous_1)
FNDA:0,(anonymous_2)
FNDA:0,(anonymous_3)
DA:5,1
DA:6,1
DA:9,1
DA:10,0
DA:13,1
DA:14,0
DA:15,0
LF:7
LH:4
BRF:0
BRH:0
end_of_record
TN:
SF:/Users/jamesmuller/Training/monday-frontend/src/questions/actions.js
FN:3,(anonymous_0)
FNF:1
FNH:0
FNDA:0,(anonymous_0)
DA:3,3
DA:4,0
LF:2
LH:1
BRF:0
BRH:0
end_of_record
TN:
SF:/Users/jamesmuller/Training/monday-frontend/src/questions/constants.js
FNF:0
FNH:0
DA:1,3
LF:1
LH:1
BRF:0
BRH:0
end_of_record
TN:
SF:/Users/jamesmuller/Training/monday-frontend/src/questions/index.js
FNF:0
FNH:0
LF:0
LH:0
BRF:0
BRH:0
end_of_record
TN:
SF:/Users/jamesmuller/Training/monday-frontend/src/questions/reducers.js
FN:15,(anonymous_0)
FNF:1
FNH:0
FNDA:0,(anonymous_0)
DA:2,2
DA:16,0
DA:18,0
DA:33,0
LF:4
LH:1
BRDA:15,0,0,0
BRDA:16,1,0,0
BRDA:16,1,1,0
BRF:3
BRH:0
end_of_record
TN:
SF:/Users/jamesmuller/Training/monday-frontend/src/questions/components/index.js
FNF:0
FNH:0
LF:0
LH:0
BRF:0
BRH:0
end_of_record
TN:
SF:/Users/jamesmuller/Training/monday-frontend/src/questions/components/questions/index.js
FNF:0
FNH:0
LF:0
LH:0
BRF:0
BRH:0
end_of_record
TN:
SF:/Users/jamesmuller/Training/monday-frontend/src/questions/components/questions/questions.js
FN:5,(anonymous_0)
FNF:1
FNH:0
FNDA:0,(anonymous_0)
DA:6,0
DA:8,0
LF:2
LH:0
BRF:0
BRH:0
end_of_record
TN:
SF:/Users/jamesmuller/Training/monday-frontend/src/questions/containers/index.js
FNF:0
FNH:0
LF:0
LH:0
BRF:0
BRH:0
end_of_record
TN:
SF:/Users/jamesmuller/Training/monday-frontend/src/questions/containers/questions/index.js
FNF:0
FNH:0
LF:0
LH:0
BRF:0
BRH:0
end_of_record
TN:
SF:/Users/jamesmuller/Training/monday-frontend/src/questions/containers/questions/questions.js
FN:5,(anonymous_0)
FN:9,(anonymous_1)
FN:15,(anonymous_2)
FN:17,(anonymous_3)
FNF:4
FNH:0
FNDA:0,(anonymous_0)
FNDA:0,(anonymous_1)
FNDA:0,(anonymous_2)
FNDA:0,(anonymous_3)
DA:5,3
DA:6,0
DA:9,3
DA:10,0
DA:15,3
DA:16,0
DA:17,0
LF:7
LH:3
BRF:0
BRH:0
end_of_record
TN:
SF:/Users/jamesmuller/Training/monday-frontend/src/shared/index.js
FNF:0
FNH:0
LF:0
LH:0
BRF:0
BRH:0
end_of_record
TN:
SF:/Users/jamesmuller/Training/monday-frontend/src/shared/components/index.js
FNF:0
FNH:0
LF:0
LH:0
BRF:0
BRH:0
end_of_record
TN:
SF:/Users/jamesmuller/Training/monday-frontend/src/shared/components/spinner/index.js
FNF:0
FNH:0
LF:0
LH:0
BRF:0
BRH:0
end_of_record
TN:
SF:/Users/jamesmuller/Training/monday-frontend/src/shared/components/spinner/spinner.js
FN:4,(anonymous_0)
FNF:1
FNH:1
FNDA:1,(anonymous_0)
DA:5,1
LF:1
LH:1
BRF:0
BRH:0
end_of_record
TN:
SF:/Users/jamesmuller/Training/monday-frontend/src/shared/containers/index.js
FNF:0
FNH:0
LF:0
LH:0
BRF:0
BRH:0
end_of_record
